{"F:\\teste\\app-finance\\src\\App.tsx": {"path":"F:\\teste\\app-finance\\src\\App.tsx","statementMap":{"0":{"start":{"line":1,"column":0},"end":{"line":1,"column":64}},"1":{"start":{"line":2,"column":0},"end":{"line":2,"column":18}},"2":{"start":{"line":3,"column":0},"end":{"line":3,"column":33}},"3":{"start":{"line":6,"column":2},"end":{"line":12,"column":4}},"4":{"start":{"line":15,"column":0},"end":{"line":15,"column":19}}},"fnMap":{"0":{"name":"App","decl":{"start":{"line":5,"column":9},"end":{"line":5,"column":12}},"loc":{"start":{"line":5,"column":12},"end":{"line":13,"column":1}}}},"branchMap":{},"s":{"0":1,"1":1,"2":1,"3":1,"4":1},"f":{"0":1},"b":{}}
,"F:\\teste\\app-finance\\src\\Routes.tsx": {"path":"F:\\teste\\app-finance\\src\\Routes.tsx","statementMap":{"0":{"start":{"line":1,"column":0},"end":{"line":1,"column":49}},"1":{"start":{"line":3,"column":0},"end":{"line":3,"column":40}},"2":{"start":{"line":4,"column":0},"end":{"line":4,"column":44}},"3":{"start":{"line":7,"column":2},"end":{"line":13,"column":4}},"4":{"start":{"line":16,"column":0},"end":{"line":16,"column":25}}},"fnMap":{"0":{"name":"AppRoutes","decl":{"start":{"line":6,"column":9},"end":{"line":6,"column":18}},"loc":{"start":{"line":6,"column":18},"end":{"line":14,"column":1}}}},"branchMap":{},"s":{"0":1,"1":1,"2":1,"3":3,"4":1},"f":{"0":3},"b":{}}
,"F:\\teste\\app-finance\\src\\federated.d.ts": {"path":"F:\\teste\\app-finance\\src\\federated.d.ts","statementMap":{},"fnMap":{},"branchMap":{},"s":{},"f":{},"b":{}}
,"F:\\teste\\app-finance\\src\\main.tsx": {"path":"F:\\teste\\app-finance\\src\\main.tsx","statementMap":{"0":{"start":{"line":1,"column":0},"end":{"line":1,"column":34}},"1":{"start":{"line":2,"column":0},"end":{"line":2,"column":45}},"2":{"start":{"line":3,"column":0},"end":{"line":3,"column":20}},"3":{"start":{"line":4,"column":0},"end":{"line":4,"column":27}},"4":{"start":{"line":6,"column":0},"end":{"line":10,"column":null}}},"fnMap":{},"branchMap":{},"s":{"0":0,"1":0,"2":0,"3":0,"4":0},"f":{},"b":{}}
,"F:\\teste\\app-finance\\src\\vite-env.d.ts": {"path":"F:\\teste\\app-finance\\src\\vite-env.d.ts","statementMap":{},"fnMap":{},"branchMap":{},"s":{},"f":{},"b":{}}
,"F:\\teste\\app-finance\\src\\pages\\Finances.tsx": {"path":"F:\\teste\\app-finance\\src\\pages\\Finances.tsx","statementMap":{"0":{"start":{"line":1,"column":0},"end":{"line":1,"column":35}},"1":{"start":{"line":2,"column":0},"end":{"line":2,"column":45}},"2":{"start":{"line":3,"column":0},"end":{"line":3,"column":60}},"3":{"start":{"line":5,"column":0},"end":{"line":5,"column":113}},"4":{"start":{"line":6,"column":0},"end":{"line":6,"column":44}},"5":{"start":{"line":7,"column":0},"end":{"line":7,"column":74}},"6":{"start":{"line":8,"column":0},"end":{"line":8,"column":39}},"7":{"start":{"line":11,"column":19},"end":{"line":11,"column":32}},"8":{"start":{"line":12,"column":19},"end":{"line":12,"column":32}},"9":{"start":{"line":14,"column":34},"end":{"line":14,"column":69}},"10":{"start":{"line":15,"column":38},"end":{"line":15,"column":50}},"11":{"start":{"line":16,"column":56},"end":{"line":16,"column":68}},"12":{"start":{"line":17,"column":45},"end":{"line":25,"column":4}},"13":{"start":{"line":27,"column":2},"end":{"line":35,"column":19}},"14":{"start":{"line":28,"column":20},"end":{"line":30,"column":11}},"15":{"start":{"line":29,"column":6},"end":{"line":29,"column":41}},"16":{"start":{"line":32,"column":4},"end":{"line":34,"column":6}},"17":{"start":{"line":33,"column":6},"end":{"line":33,"column":28}},"18":{"start":{"line":37,"column":2},"end":{"line":39,"column":42}},"19":{"start":{"line":38,"column":4},"end":{"line":38,"column":35}},"20":{"start":{"line":41,"column":17},"end":{"line":48,"column":3}},"21":{"start":{"line":42,"column":4},"end":{"line":47,"column":5}},"22":{"start":{"line":43,"column":21},"end":{"line":43,"column":56}},"23":{"start":{"line":44,"column":6},"end":{"line":44,"column":31}},"24":{"start":{"line":46,"column":6},"end":{"line":46,"column":55}},"25":{"start":{"line":50,"column":23},"end":{"line":52,"column":3}},"26":{"start":{"line":51,"column":4},"end":{"line":51,"column":41}},"27":{"start":{"line":54,"column":21},"end":{"line":56,"column":3}},"28":{"start":{"line":55,"column":4},"end":{"line":55,"column":51}},"29":{"start":{"line":58,"column":23},"end":{"line":67,"column":3}},"30":{"start":{"line":59,"column":4},"end":{"line":66,"column":5}},"31":{"start":{"line":60,"column":6},"end":{"line":60,"column":40}},"32":{"start":{"line":61,"column":6},"end":{"line":61,"column":24}},"33":{"start":{"line":62,"column":6},"end":{"line":62,"column":41}},"34":{"start":{"line":63,"column":6},"end":{"line":63,"column":60}},"35":{"start":{"line":65,"column":6},"end":{"line":65,"column":46}},"36":{"start":{"line":69,"column":21},"end":{"line":73,"column":3}},"37":{"start":{"line":70,"column":4},"end":{"line":70,"column":32}},"38":{"start":{"line":70,"column":25},"end":{"line":70,"column":32}},"39":{"start":{"line":71,"column":21},"end":{"line":71,"column":62}},"40":{"start":{"line":72,"column":4},"end":{"line":72,"column":42}},"41":{"start":{"line":75,"column":21},"end":{"line":79,"column":3}},"42":{"start":{"line":76,"column":4},"end":{"line":76,"column":32}},"43":{"start":{"line":76,"column":25},"end":{"line":76,"column":32}},"44":{"start":{"line":77,"column":21},"end":{"line":77,"column":91}},"45":{"start":{"line":78,"column":4},"end":{"line":78,"column":42}},"46":{"start":{"line":81,"column":2},"end":{"line":81,"column":35}},"47":{"start":{"line":81,"column":23},"end":{"line":81,"column":35}},"48":{"start":{"line":83,"column":2},"end":{"line":178,"column":4}},"49":{"start":{"line":93,"column":27},"end":{"line":93,"column":56}},"50":{"start":{"line":120,"column":18},"end":{"line":120,"column":39}},"51":{"start":{"line":125,"column":39},"end":{"line":125,"column":58}},"52":{"start":{"line":132,"column":39},"end":{"line":132,"column":59}},"53":{"start":{"line":174,"column":24},"end":{"line":174,"column":41}},"54":{"start":{"line":181,"column":0},"end":{"line":181,"column":27}}},"fnMap":{"0":{"name":"FinancePage","decl":{"start":{"line":10,"column":9},"end":{"line":10,"column":20}},"loc":{"start":{"line":10,"column":20},"end":{"line":179,"column":1}}},"1":{"name":"(anonymous_2)","decl":{"start":{"line":27,"column":12},"end":{"line":27,"column":15}},"loc":{"start":{"line":27,"column":17},"end":{"line":35,"column":3}}},"2":{"name":"(anonymous_3)","decl":{"start":{"line":28,"column":31},"end":{"line":28,"column":34}},"loc":{"start":{"line":28,"column":36},"end":{"line":30,"column":5}}},"3":{"name":"(anonymous_4)","decl":{"start":{"line":32,"column":11},"end":{"line":32,"column":14}},"loc":{"start":{"line":32,"column":16},"end":{"line":34,"column":5}}},"4":{"name":"(anonymous_5)","decl":{"start":{"line":37,"column":12},"end":{"line":37,"column":15}},"loc":{"start":{"line":37,"column":17},"end":{"line":39,"column":3}}},"5":{"name":"(anonymous_6)","decl":{"start":{"line":41,"column":17},"end":{"line":41,"column":22}},"loc":{"start":{"line":41,"column":54},"end":{"line":48,"column":3}}},"6":{"name":"(anonymous_7)","decl":{"start":{"line":50,"column":23},"end":{"line":50,"column":26}},"loc":{"start":{"line":50,"column":28},"end":{"line":52,"column":3}}},"7":{"name":"(anonymous_8)","decl":{"start":{"line":54,"column":21},"end":{"line":54,"column":22}},"loc":{"start":{"line":54,"column":49},"end":{"line":56,"column":3}}},"8":{"name":"(anonymous_9)","decl":{"start":{"line":58,"column":23},"end":{"line":58,"column":28}},"loc":{"start":{"line":58,"column":34},"end":{"line":67,"column":3}}},"9":{"name":"(anonymous_10)","decl":{"start":{"line":69,"column":21},"end":{"line":69,"column":24}},"loc":{"start":{"line":69,"column":26},"end":{"line":73,"column":3}}},"10":{"name":"(anonymous_11)","decl":{"start":{"line":75,"column":21},"end":{"line":75,"column":24}},"loc":{"start":{"line":75,"column":26},"end":{"line":79,"column":3}}},"11":{"name":"(anonymous_12)","decl":{"start":{"line":93,"column":20},"end":{"line":93,"column":21}},"loc":{"start":{"line":93,"column":27},"end":{"line":93,"column":56}}},"12":{"name":"(anonymous_13)","decl":{"start":{"line":119,"column":42},"end":{"line":119,"column":49}},"loc":{"start":{"line":120,"column":18},"end":{"line":120,"column":39}}},"13":{"name":"(anonymous_14)","decl":{"start":{"line":125,"column":33},"end":{"line":125,"column":36}},"loc":{"start":{"line":125,"column":39},"end":{"line":125,"column":58}}},"14":{"name":"(anonymous_15)","decl":{"start":{"line":132,"column":33},"end":{"line":132,"column":36}},"loc":{"start":{"line":132,"column":39},"end":{"line":132,"column":59}}},"15":{"name":"(anonymous_16)","decl":{"start":{"line":153,"column":57},"end":{"line":153,"column":60}},"loc":{"start":{"line":153,"column":62},"end":{"line":153,"column":65}}},"16":{"name":"(anonymous_17)","decl":{"start":{"line":161,"column":91},"end":{"line":161,"column":94}},"loc":{"start":{"line":161,"column":96},"end":{"line":161,"column":99}}},"17":{"name":"(anonymous_18)","decl":{"start":{"line":174,"column":18},"end":{"line":174,"column":21}},"loc":{"start":{"line":174,"column":24},"end":{"line":174,"column":41}}}},"branchMap":{"0":{"loc":{"start":{"line":70,"column":4},"end":{"line":70,"column":32}},"type":"if","locations":[{"start":{"line":70,"column":4},"end":{"line":70,"column":32}},{"start":{},"end":{}}]},"1":{"loc":{"start":{"line":76,"column":4},"end":{"line":76,"column":32}},"type":"if","locations":[{"start":{"line":76,"column":4},"end":{"line":76,"column":32}},{"start":{},"end":{}}]},"2":{"loc":{"start":{"line":81,"column":2},"end":{"line":81,"column":35}},"type":"if","locations":[{"start":{"line":81,"column":2},"end":{"line":81,"column":35}},{"start":{},"end":{}}]},"3":{"loc":{"start":{"line":117,"column":15},"end":{"line":145,"column":null}},"type":"cond-expr","locations":[{"start":{"line":119,"column":18},"end":{"line":140,"column":18}},{"start":{"line":141,"column":16},"end":{"line":144,"column":null}}]},"4":{"loc":{"start":{"line":153,"column":23},"end":{"line":153,"column":78}},"type":"cond-expr","locations":[{"start":{"line":153,"column":57},"end":{"line":153,"column":65}},{"start":{"line":153,"column":68},"end":{"line":153,"column":78}}]},"5":{"loc":{"start":{"line":161,"column":25},"end":{"line":161,"column":112}},"type":"cond-expr","locations":[{"start":{"line":161,"column":91},"end":{"line":161,"column":99}},{"start":{"line":161,"column":102},"end":{"line":161,"column":112}}]}},"s":{"0":1,"1":1,"2":1,"3":1,"4":1,"5":1,"6":1,"7":11,"8":11,"9":11,"10":11,"11":11,"12":11,"13":11,"14":4,"15":0,"16":4,"17":4,"18":11,"19":4,"20":11,"21":6,"22":6,"23":6,"24":0,"25":11,"26":1,"27":11,"28":1,"29":11,"30":1,"31":1,"32":1,"33":1,"34":1,"35":0,"36":11,"37":0,"38":0,"39":0,"40":0,"41":11,"42":1,"43":0,"44":1,"45":1,"46":11,"47":0,"48":11,"49":0,"50":12,"51":1,"52":1,"53":0,"54":1},"f":{"0":11,"1":4,"2":0,"3":4,"4":4,"5":6,"6":1,"7":1,"8":1,"9":0,"10":1,"11":0,"12":12,"13":1,"14":1,"15":1,"16":0,"17":0},"b":{"0":[0,0],"1":[0,1],"2":[0,11],"3":[7,4],"4":[11,0],"5":[5,6]}}
,"F:\\teste\\app-finance\\src\\pages\\AddFinance\\index.tsx": {"path":"F:\\teste\\app-finance\\src\\pages\\AddFinance\\index.tsx","statementMap":{"0":{"start":{"line":1,"column":0},"end":{"line":1,"column":35}},"1":{"start":{"line":2,"column":0},"end":{"line":2,"column":66}},"2":{"start":{"line":3,"column":0},"end":{"line":3,"column":71}},"3":{"start":{"line":4,"column":0},"end":{"line":4,"column":54}},"4":{"start":{"line":6,"column":0},"end":{"line":6,"column":39}},"5":{"start":{"line":7,"column":0},"end":{"line":7,"column":89}},"6":{"start":{"line":8,"column":0},"end":{"line":8,"column":57}},"7":{"start":{"line":9,"column":0},"end":{"line":9,"column":45}},"8":{"start":{"line":12,"column":0},"end":{"line":12,"column":22}},"9":{"start":{"line":15,"column":23},"end":{"line":184,"column":1}},"10":{"start":{"line":16,"column":17},"end":{"line":16,"column":28}},"11":{"start":{"line":17,"column":17},"end":{"line":17,"column":28}},"12":{"start":{"line":18,"column":19},"end":{"line":18,"column":32}},"13":{"start":{"line":19,"column":19},"end":{"line":19,"column":32}},"14":{"start":{"line":21,"column":19},"end":{"line":23,"column":25}},"15":{"start":{"line":22,"column":4},"end":{"line":22,"column":78}},"16":{"start":{"line":25,"column":42},"end":{"line":25,"column":70}},"17":{"start":{"line":26,"column":28},"end":{"line":26,"column":55}},"18":{"start":{"line":27,"column":90},"end":{"line":27,"column":112}},"19":{"start":{"line":28,"column":32},"end":{"line":28,"column":47}},"20":{"start":{"line":30,"column":2},"end":{"line":35,"column":26}},"21":{"start":{"line":31,"column":4},"end":{"line":34,"column":5}},"22":{"start":{"line":32,"column":6},"end":{"line":32,"column":23}},"23":{"start":{"line":33,"column":6},"end":{"line":33,"column":20}},"24":{"start":{"line":37,"column":2},"end":{"line":41,"column":21}},"25":{"start":{"line":38,"column":4},"end":{"line":40,"column":5}},"26":{"start":{"line":39,"column":6},"end":{"line":39,"column":22}},"27":{"start":{"line":43,"column":22},"end":{"line":66,"column":3}},"28":{"start":{"line":44,"column":4},"end":{"line":65,"column":5}},"29":{"start":{"line":45,"column":22},"end":{"line":45,"column":50}},"30":{"start":{"line":46,"column":27},"end":{"line":51,"column":8}},"31":{"start":{"line":53,"column":6},"end":{"line":53,"column":null}},"32":{"start":{"line":55,"column":39},"end":{"line":59,"column":null}},"33":{"start":{"line":60,"column":6},"end":{"line":60,"column":25}},"34":{"start":{"line":61,"column":6},"end":{"line":61,"column":24}},"35":{"start":{"line":63,"column":6},"end":{"line":63,"column":47}},"36":{"start":{"line":64,"column":6},"end":{"line":64,"column":25}},"37":{"start":{"line":68,"column":19},"end":{"line":81,"column":3}},"38":{"start":{"line":69,"column":4},"end":{"line":80,"column":5}},"39":{"start":{"line":70,"column":6},"end":{"line":76,"column":7}},"40":{"start":{"line":71,"column":8},"end":{"line":71,"column":46}},"41":{"start":{"line":72,"column":8},"end":{"line":72,"column":57}},"42":{"start":{"line":74,"column":8},"end":{"line":74,"column":34}},"43":{"start":{"line":75,"column":8},"end":{"line":75,"column":53}},"44":{"start":{"line":77,"column":6},"end":{"line":77,"column":25}},"45":{"start":{"line":79,"column":6},"end":{"line":79,"column":84}},"46":{"start":{"line":83,"column":22},"end":{"line":94,"column":20}},"47":{"start":{"line":84,"column":16},"end":{"line":84,"column":58}},"48":{"start":{"line":85,"column":4},"end":{"line":90,"column":5}},"49":{"start":{"line":85,"column":44},"end":{"line":85,"column":71}},"50":{"start":{"line":86,"column":6},"end":{"line":89,"column":null}},"51":{"start":{"line":92,"column":4},"end":{"line":92,"column":20}},"52":{"start":{"line":93,"column":4},"end":{"line":93,"column":71}},"53":{"start":{"line":93,"column":32},"end":{"line":93,"column":68}},"54":{"start":{"line":96,"column":2},"end":{"line":183,"column":4}},"55":{"start":{"line":115,"column":16},"end":{"line":130,"column":null}},"56":{"start":{"line":120,"column":55},"end":{"line":120,"column":91}},"57":{"start":{"line":122,"column":37},"end":{"line":122,"column":63}},"58":{"start":{"line":125,"column":69},"end":{"line":125,"column":89}},"59":{"start":{"line":164,"column":29},"end":{"line":164,"column":47}},"60":{"start":{"line":186,"column":0},"end":{"line":186,"column":30}}},"fnMap":{"0":{"name":"(anonymous_1)","decl":{"start":{"line":15,"column":23},"end":{"line":15,"column":26}},"loc":{"start":{"line":15,"column":28},"end":{"line":184,"column":1}}},"1":{"name":"(anonymous_2)","decl":{"start":{"line":21,"column":27},"end":{"line":21,"column":30}},"loc":{"start":{"line":21,"column":32},"end":{"line":23,"column":3}}},"2":{"name":"(anonymous_3)","decl":{"start":{"line":30,"column":12},"end":{"line":30,"column":15}},"loc":{"start":{"line":30,"column":17},"end":{"line":35,"column":3}}},"3":{"name":"(anonymous_4)","decl":{"start":{"line":37,"column":12},"end":{"line":37,"column":15}},"loc":{"start":{"line":37,"column":17},"end":{"line":41,"column":3}}},"4":{"name":"(anonymous_5)","decl":{"start":{"line":43,"column":22},"end":{"line":43,"column":27}},"loc":{"start":{"line":43,"column":33},"end":{"line":66,"column":3}}},"5":{"name":"(anonymous_6)","decl":{"start":{"line":68,"column":19},"end":{"line":68,"column":24}},"loc":{"start":{"line":68,"column":47},"end":{"line":81,"column":3}}},"6":{"name":"(anonymous_7)","decl":{"start":{"line":83,"column":34},"end":{"line":83,"column":39}},"loc":{"start":{"line":83,"column":63},"end":{"line":94,"column":3}}},"7":{"name":"(anonymous_8)","decl":{"start":{"line":85,"column":36},"end":{"line":85,"column":40}},"loc":{"start":{"line":85,"column":44},"end":{"line":85,"column":71}}},"8":{"name":"(anonymous_9)","decl":{"start":{"line":93,"column":21},"end":{"line":93,"column":22}},"loc":{"start":{"line":93,"column":32},"end":{"line":93,"column":68}}},"9":{"name":"(anonymous_10)","decl":{"start":{"line":114,"column":22},"end":{"line":114,"column":23}},"loc":{"start":{"line":115,"column":16},"end":{"line":130,"column":null}}},"10":{"name":"(anonymous_11)","decl":{"start":{"line":120,"column":44},"end":{"line":120,"column":45}},"loc":{"start":{"line":120,"column":55},"end":{"line":120,"column":91}}},"11":{"name":"(anonymous_12)","decl":{"start":{"line":122,"column":28},"end":{"line":122,"column":29}},"loc":{"start":{"line":122,"column":37},"end":{"line":122,"column":63}}},"12":{"name":"(anonymous_13)","decl":{"start":{"line":125,"column":64},"end":{"line":125,"column":65}},"loc":{"start":{"line":125,"column":69},"end":{"line":125,"column":89}}},"13":{"name":"(anonymous_14)","decl":{"start":{"line":164,"column":23},"end":{"line":164,"column":26}},"loc":{"start":{"line":164,"column":29},"end":{"line":164,"column":47}}}},"branchMap":{"0":{"loc":{"start":{"line":31,"column":4},"end":{"line":34,"column":5}},"type":"if","locations":[{"start":{"line":31,"column":4},"end":{"line":34,"column":5}},{"start":{},"end":{}}]},"1":{"loc":{"start":{"line":31,"column":8},"end":{"line":31,"column":20}},"type":"binary-expr","locations":[{"start":{"line":31,"column":8},"end":{"line":31,"column":14}},{"start":{"line":31,"column":18},"end":{"line":31,"column":20}}]},"2":{"loc":{"start":{"line":38,"column":4},"end":{"line":40,"column":5}},"type":"if","locations":[{"start":{"line":38,"column":4},"end":{"line":40,"column":5}},{"start":{},"end":{}}]},"3":{"loc":{"start":{"line":48,"column":14},"end":{"line":48,"column":37}},"type":"binary-expr","locations":[{"start":{"line":48,"column":14},"end":{"line":48,"column":31}},{"start":{"line":48,"column":35},"end":{"line":48,"column":37}}]},"4":{"loc":{"start":{"line":70,"column":6},"end":{"line":76,"column":7}},"type":"if","locations":[{"start":{"line":70,"column":6},"end":{"line":76,"column":7}},{"start":{"line":73,"column":13},"end":{"line":76,"column":7}}]},"5":{"loc":{"start":{"line":70,"column":10},"end":{"line":70,"column":22}},"type":"binary-expr","locations":[{"start":{"line":70,"column":10},"end":{"line":70,"column":16}},{"start":{"line":70,"column":20},"end":{"line":70,"column":22}}]},"6":{"loc":{"start":{"line":79,"column":18},"end":{"line":79,"column":82}},"type":"cond-expr","locations":[{"start":{"line":79,"column":27},"end":{"line":79,"column":55}},{"start":{"line":79,"column":58},"end":{"line":79,"column":82}}]},"7":{"loc":{"start":{"line":85,"column":4},"end":{"line":90,"column":5}},"type":"if","locations":[{"start":{"line":85,"column":4},"end":{"line":90,"column":5}},{"start":{},"end":{}}]},"8":{"loc":{"start":{"line":85,"column":8},"end":{"line":85,"column":72}},"type":"binary-expr","locations":[{"start":{"line":85,"column":8},"end":{"line":85,"column":20}},{"start":{"line":85,"column":24},"end":{"line":85,"column":72}}]},"9":{"loc":{"start":{"line":98,"column":22},"end":{"line":98,"column":64}},"type":"cond-expr","locations":[{"start":{"line":98,"column":31},"end":{"line":98,"column":47}},{"start":{"line":98,"column":50},"end":{"line":98,"column":64}}]},"10":{"loc":{"start":{"line":101,"column":9},"end":{"line":179,"column":null}},"type":"cond-expr","locations":[{"start":{"line":102,"column":10},"end":{"line":102,"column":54}},{"start":{"line":104,"column":8},"end":{"line":178,"column":null}}]},"11":{"loc":{"start":{"line":124,"column":20},"end":{"line":126,"column":28}},"type":"cond-expr","locations":[{"start":{"line":125,"column":24},"end":{"line":125,"column":104}},{"start":{"line":126,"column":24},"end":{"line":126,"column":28}}]},"12":{"loc":{"start":{"line":125,"column":53},"end":{"line":125,"column":102}},"type":"binary-expr","locations":[{"start":{"line":125,"column":53},"end":{"line":125,"column":96}},{"start":{"line":125,"column":100},"end":{"line":125,"column":102}}]},"13":{"loc":{"start":{"line":134,"column":13},"end":{"line":134,"column":95}},"type":"binary-expr","locations":[{"start":{"line":134,"column":13},"end":{"line":134,"column":27}},{"start":{"line":134,"column":31},"end":{"line":134,"column":95}}]},"14":{"loc":{"start":{"line":146,"column":13},"end":{"line":146,"column":91}},"type":"binary-expr","locations":[{"start":{"line":146,"column":13},"end":{"line":146,"column":25}},{"start":{"line":146,"column":29},"end":{"line":146,"column":91}}]},"15":{"loc":{"start":{"line":157,"column":13},"end":{"line":157,"column":103}},"type":"binary-expr","locations":[{"start":{"line":157,"column":13},"end":{"line":157,"column":31}},{"start":{"line":157,"column":35},"end":{"line":157,"column":103}}]}},"s":{"0":1,"1":1,"2":1,"3":1,"4":1,"5":1,"6":1,"7":1,"8":1,"9":1,"10":9,"11":9,"12":9,"13":9,"14":9,"15":2,"16":9,"17":9,"18":9,"19":9,"20":9,"21":2,"22":1,"23":1,"24":9,"25":3,"26":1,"27":9,"28":1,"29":1,"30":1,"31":1,"32":1,"33":1,"34":1,"35":0,"36":0,"37":9,"38":2,"39":2,"40":1,"41":1,"42":1,"43":1,"44":2,"45":0,"46":9,"47":1,"48":1,"49":1,"50":0,"51":1,"52":1,"53":1,"54":9,"55":9,"56":2,"57":1,"58":2,"59":0,"60":1},"f":{"0":9,"1":2,"2":2,"3":3,"4":1,"5":2,"6":1,"7":1,"8":1,"9":9,"10":2,"11":1,"12":2,"13":0},"b":{"0":[1,1],"1":[2,1],"2":[1,2],"3":[1,1],"4":[1,1],"5":[2,1],"6":[0,0],"7":[0,1],"8":[1,1],"9":[5,4],"10":[1,8],"11":[6,3],"12":[6,4],"13":[8,0],"14":[8,0],"15":[8,0]}}
,"F:\\teste\\app-finance\\src\\services\\FinanceService.tsx": {"path":"F:\\teste\\app-finance\\src\\services\\FinanceService.tsx","statementMap":{"0":{"start":{"line":8,"column":0},"end":{"line":8,"column":7}},"1":{"start":{"line":12,"column":0},"end":{"line":12,"column":7}},"2":{"start":{"line":16,"column":0},"end":{"line":16,"column":7}},"3":{"start":{"line":20,"column":0},"end":{"line":20,"column":7}},"4":{"start":{"line":30,"column":0},"end":{"line":30,"column":7}},"5":{"start":{"line":1,"column":0},"end":{"line":1,"column":43}},"6":{"start":{"line":6,"column":33},"end":{"line":6,"column":66}},"7":{"start":{"line":6,"column":39},"end":{"line":6,"column":66}},"8":{"start":{"line":6,"column":13},"end":{"line":6,"column":33}},"9":{"start":{"line":9,"column":2},"end":{"line":9,"column":88}},"10":{"start":{"line":13,"column":2},"end":{"line":13,"column":56}},"11":{"start":{"line":17,"column":2},"end":{"line":17,"column":45}},"12":{"start":{"line":21,"column":20},"end":{"line":21,"column":68}},"13":{"start":{"line":23,"column":2},"end":{"line":25,"column":3}},"14":{"start":{"line":24,"column":4},"end":{"line":24,"column":68}},"15":{"start":{"line":27,"column":2},"end":{"line":27,"column":23}},"16":{"start":{"line":31,"column":19},"end":{"line":31,"column":71}},"17":{"start":{"line":33,"column":2},"end":{"line":35,"column":3}},"18":{"start":{"line":34,"column":4},"end":{"line":34,"column":68}},"19":{"start":{"line":37,"column":2},"end":{"line":37,"column":23}}},"fnMap":{"0":{"name":"(anonymous_1)","decl":{"start":{"line":6,"column":33},"end":{"line":6,"column":36}},"loc":{"start":{"line":6,"column":39},"end":{"line":6,"column":66}}},"1":{"name":"fetchFinances","decl":{"start":{"line":8,"column":22},"end":{"line":8,"column":35}},"loc":{"start":{"line":8,"column":84},"end":{"line":10,"column":1}}},"2":{"name":"getFinance","decl":{"start":{"line":12,"column":22},"end":{"line":12,"column":32}},"loc":{"start":{"line":12,"column":43},"end":{"line":14,"column":1}}},"3":{"name":"deleteFinance","decl":{"start":{"line":16,"column":22},"end":{"line":16,"column":35}},"loc":{"start":{"line":16,"column":46},"end":{"line":18,"column":1}}},"4":{"name":"createFinance","decl":{"start":{"line":20,"column":22},"end":{"line":20,"column":35}},"loc":{"start":{"line":20,"column":60},"end":{"line":28,"column":1}}},"5":{"name":"updateFinance","decl":{"start":{"line":30,"column":22},"end":{"line":30,"column":35}},"loc":{"start":{"line":30,"column":72},"end":{"line":38,"column":1}}}},"branchMap":{"0":{"loc":{"start":{"line":8,"column":65},"end":{"line":8,"column":84}},"type":"default-arg","locations":[{"start":{"line":8,"column":82},"end":{"line":8,"column":84}}]},"1":{"loc":{"start":{"line":23,"column":2},"end":{"line":25,"column":3}},"type":"if","locations":[{"start":{"line":23,"column":2},"end":{"line":25,"column":3}},{"start":{},"end":{}}]},"2":{"loc":{"start":{"line":23,"column":6},"end":{"line":23,"column":52}},"type":"binary-expr","locations":[{"start":{"line":23,"column":6},"end":{"line":23,"column":27}},{"start":{"line":23,"column":31},"end":{"line":23,"column":52}}]},"3":{"loc":{"start":{"line":24,"column":20},"end":{"line":24,"column":66}},"type":"binary-expr","locations":[{"start":{"line":24,"column":20},"end":{"line":24,"column":42}},{"start":{"line":24,"column":46},"end":{"line":24,"column":66}}]},"4":{"loc":{"start":{"line":33,"column":2},"end":{"line":35,"column":3}},"type":"if","locations":[{"start":{"line":33,"column":2},"end":{"line":35,"column":3}},{"start":{},"end":{}}]},"5":{"loc":{"start":{"line":33,"column":6},"end":{"line":33,"column":52}},"type":"binary-expr","locations":[{"start":{"line":33,"column":6},"end":{"line":33,"column":27}},{"start":{"line":33,"column":31},"end":{"line":33,"column":52}}]},"6":{"loc":{"start":{"line":34,"column":20},"end":{"line":34,"column":66}},"type":"binary-expr","locations":[{"start":{"line":34,"column":20},"end":{"line":34,"column":42}},{"start":{"line":34,"column":46},"end":{"line":34,"column":66}}]}},"s":{"0":3,"1":3,"2":3,"3":3,"4":3,"5":3,"6":3,"7":8,"8":3,"9":1,"10":1,"11":1,"12":2,"13":2,"14":1,"15":1,"16":2,"17":2,"18":1,"19":1},"f":{"0":8,"1":1,"2":1,"3":1,"4":2,"5":2},"b":{"0":[0],"1":[1,1],"2":[2,2],"3":[1,0],"4":[1,1],"5":[2,2],"6":[1,0]}}
,"F:\\teste\\app-finance\\src\\services\\UsersService.ts": {"path":"F:\\teste\\app-finance\\src\\services\\UsersService.ts","statementMap":{"0":{"start":{"line":6,"column":0},"end":{"line":6,"column":7}},"1":{"start":{"line":1,"column":0},"end":{"line":1,"column":43}},"2":{"start":{"line":4,"column":31},"end":{"line":4,"column":62}},"3":{"start":{"line":4,"column":37},"end":{"line":4,"column":62}},"4":{"start":{"line":4,"column":13},"end":{"line":4,"column":31}},"5":{"start":{"line":7,"column":2},"end":{"line":7,"column":86}}},"fnMap":{"0":{"name":"(anonymous_1)","decl":{"start":{"line":4,"column":31},"end":{"line":4,"column":34}},"loc":{"start":{"line":4,"column":37},"end":{"line":4,"column":62}}},"1":{"name":"fetchUsers","decl":{"start":{"line":6,"column":22},"end":{"line":6,"column":32}},"loc":{"start":{"line":6,"column":81},"end":{"line":8,"column":1}}}},"branchMap":{"0":{"loc":{"start":{"line":6,"column":62},"end":{"line":6,"column":81}},"type":"default-arg","locations":[{"start":{"line":6,"column":79},"end":{"line":6,"column":81}}]}},"s":{"0":1,"1":1,"2":1,"3":1,"4":1,"5":1},"f":{"0":1,"1":1},"b":{"0":[0]}}
}
