TN:
SF:src\App.tsx
FN:5,App
FNF:1
FNH:1
FNDA:1,App
DA:1,1
DA:2,1
DA:3,1
DA:6,1
DA:15,1
LF:5
LH:5
BRF:0
BRH:0
end_of_record
TN:
SF:src\Routes.tsx
FN:6,AppRoutes
FNF:1
FNH:1
FNDA:3,AppRoutes
DA:1,1
DA:3,1
DA:4,1
DA:7,3
DA:16,1
LF:5
LH:5
BRF:0
BRH:0
end_of_record
TN:
SF:src\federated.d.ts
FNF:0
FNH:0
LF:0
LH:0
BRF:0
BRH:0
end_of_record
TN:
SF:src\main.tsx
FNF:0
FNH:0
DA:1,0
DA:2,0
DA:3,0
DA:4,0
DA:6,0
LF:5
LH:0
BRF:0
BRH:0
end_of_record
TN:
SF:src\vite-env.d.ts
FNF:0
FNH:0
LF:0
LH:0
BRF:0
BRH:0
end_of_record
TN:
SF:src\pages\Finances.tsx
FN:10,FinancePage
FN:27,(anonymous_2)
FN:28,(anonymous_3)
FN:32,(anonymous_4)
FN:37,(anonymous_5)
FN:41,(anonymous_6)
FN:50,(anonymous_7)
FN:54,(anonymous_8)
FN:58,(anonymous_9)
FN:69,(anonymous_10)
FN:75,(anonymous_11)
FN:93,(anonymous_12)
FN:119,(anonymous_13)
FN:125,(anonymous_14)
FN:132,(anonymous_15)
FN:153,(anonymous_16)
FN:161,(anonymous_17)
FN:174,(anonymous_18)
FNF:18
FNH:13
FNDA:11,FinancePage
FNDA:4,(anonymous_2)
FNDA:0,(anonymous_3)
FNDA:4,(anonymous_4)
FNDA:4,(anonymous_5)
FNDA:6,(anonymous_6)
FNDA:1,(anonymous_7)
FNDA:1,(anonymous_8)
FNDA:1,(anonymous_9)
FNDA:0,(anonymous_10)
FNDA:1,(anonymous_11)
FNDA:0,(anonymous_12)
FNDA:12,(anonymous_13)
FNDA:1,(anonymous_14)
FNDA:1,(anonymous_15)
FNDA:1,(anonymous_16)
FNDA:0,(anonymous_17)
FNDA:0,(anonymous_18)
DA:1,1
DA:2,1
DA:3,1
DA:5,1
DA:6,1
DA:7,1
DA:8,1
DA:11,11
DA:12,11
DA:14,11
DA:15,11
DA:16,11
DA:17,11
DA:27,11
DA:28,4
DA:29,0
DA:32,4
DA:33,4
DA:37,11
DA:38,4
DA:41,11
DA:42,6
DA:43,6
DA:44,6
DA:46,0
DA:50,11
DA:51,1
DA:54,11
DA:55,1
DA:58,11
DA:59,1
DA:60,1
DA:61,1
DA:62,1
DA:63,1
DA:65,0
DA:69,11
DA:70,0
DA:71,0
DA:72,0
DA:75,11
DA:76,1
DA:77,1
DA:78,1
DA:81,11
DA:83,11
DA:93,0
DA:120,12
DA:125,1
DA:132,1
DA:174,0
DA:181,1
LF:52
LH:44
BRDA:70,0,0,0
BRDA:70,0,1,0
BRDA:76,1,0,0
BRDA:76,1,1,1
BRDA:81,2,0,0
BRDA:81,2,1,11
BRDA:117,3,0,7
BRDA:117,3,1,4
BRDA:153,4,0,11
BRDA:153,4,1,0
BRDA:161,5,0,5
BRDA:161,5,1,6
BRF:12
BRH:7
end_of_record
TN:
SF:src\pages\AddFinance\index.tsx
FN:15,(anonymous_1)
FN:21,(anonymous_2)
FN:30,(anonymous_3)
FN:37,(anonymous_4)
FN:43,(anonymous_5)
FN:68,(anonymous_6)
FN:83,(anonymous_7)
FN:85,(anonymous_8)
FN:93,(anonymous_9)
FN:114,(anonymous_10)
FN:120,(anonymous_11)
FN:122,(anonymous_12)
FN:125,(anonymous_13)
FN:164,(anonymous_14)
FNF:14
FNH:13
FNDA:9,(anonymous_1)
FNDA:2,(anonymous_2)
FNDA:2,(anonymous_3)
FNDA:3,(anonymous_4)
FNDA:1,(anonymous_5)
FNDA:2,(anonymous_6)
FNDA:1,(anonymous_7)
FNDA:1,(anonymous_8)
FNDA:1,(anonymous_9)
FNDA:9,(anonymous_10)
FNDA:2,(anonymous_11)
FNDA:1,(anonymous_12)
FNDA:2,(anonymous_13)
FNDA:0,(anonymous_14)
DA:1,1
DA:2,1
DA:3,1
DA:4,1
DA:6,1
DA:7,1
DA:8,1
DA:9,1
DA:12,1
DA:15,1
DA:16,9
DA:17,9
DA:18,9
DA:19,9
DA:21,9
DA:22,2
DA:25,9
DA:26,9
DA:27,9
DA:28,9
DA:30,9
DA:31,2
DA:32,1
DA:33,1
DA:37,9
DA:38,3
DA:39,1
DA:43,9
DA:44,1
DA:45,1
DA:46,1
DA:53,1
DA:55,1
DA:60,1
DA:61,1
DA:63,0
DA:64,0
DA:68,9
DA:69,2
DA:70,2
DA:71,1
DA:72,1
DA:74,1
DA:75,1
DA:77,2
DA:79,0
DA:83,9
DA:84,1
DA:85,1
DA:86,0
DA:92,1
DA:93,1
DA:96,9
DA:115,9
DA:120,2
DA:122,1
DA:125,2
DA:164,0
DA:186,1
LF:59
LH:54
BRDA:31,0,0,1
BRDA:31,0,1,1
BRDA:31,1,0,2
BRDA:31,1,1,1
BRDA:38,2,0,1
BRDA:38,2,1,2
BRDA:48,3,0,1
BRDA:48,3,1,1
BRDA:70,4,0,1
BRDA:70,4,1,1
BRDA:70,5,0,2
BRDA:70,5,1,1
BRDA:79,6,0,0
BRDA:79,6,1,0
BRDA:85,7,0,0
BRDA:85,7,1,1
BRDA:85,8,0,1
BRDA:85,8,1,1
BRDA:98,9,0,5
BRDA:98,9,1,4
BRDA:101,10,0,1
BRDA:101,10,1,8
BRDA:124,11,0,6
BRDA:124,11,1,3
BRDA:125,12,0,6
BRDA:125,12,1,4
BRDA:134,13,0,8
BRDA:134,13,1,0
BRDA:146,14,0,8
BRDA:146,14,1,0
BRDA:157,15,0,8
BRDA:157,15,1,0
BRF:32
BRH:26
end_of_record
TN:
SF:src\services\FinanceService.tsx
FN:6,(anonymous_1)
FN:8,fetchFinances
FN:12,getFinance
FN:16,deleteFinance
FN:20,createFinance
FN:30,updateFinance
FNF:6
FNH:6
FNDA:8,(anonymous_1)
FNDA:1,fetchFinances
FNDA:1,getFinance
FNDA:1,deleteFinance
FNDA:2,createFinance
FNDA:2,updateFinance
DA:1,3
DA:6,8
DA:8,3
DA:9,1
DA:12,3
DA:13,1
DA:16,3
DA:17,1
DA:20,3
DA:21,2
DA:23,2
DA:24,1
DA:27,1
DA:30,3
DA:31,2
DA:33,2
DA:34,1
DA:37,1
LF:18
LH:18
BRDA:8,0,0,0
BRDA:23,1,0,1
BRDA:23,1,1,1
BRDA:23,2,0,2
BRDA:23,2,1,2
BRDA:24,3,0,1
BRDA:24,3,1,0
BRDA:33,4,0,1
BRDA:33,4,1,1
BRDA:33,5,0,2
BRDA:33,5,1,2
BRDA:34,6,0,1
BRDA:34,6,1,0
BRF:13
BRH:10
end_of_record
TN:
SF:src\services\UsersService.ts
FN:4,(anonymous_1)
FN:6,fetchUsers
FNF:2
FNH:2
FNDA:1,(anonymous_1)
FNDA:1,fetchUsers
DA:1,1
DA:4,1
DA:6,1
DA:7,1
LF:4
LH:4
BRDA:6,0,0,0
BRF:1
BRH:0
end_of_record
